\BOOKMARK [1][-]{section.1}{Revisionshistorik}{}% 1
\BOOKMARK [1][-]{section.2}{Beskrivning av övergripande system}{}% 2
\BOOKMARK [2][-]{subsection.2.1}{Stadier}{section.2}% 3
\BOOKMARK [2][-]{subsection.2.2}{Världen och objekt}{section.2}% 4
\BOOKMARK [2][-]{subsection.2.3}{Objekt med få funktioner}{section.2}% 5
\BOOKMARK [1][-]{section.3}{Klassbeskrivningar}{}% 6
\BOOKMARK [2][-]{subsection.3.1}{Player}{section.3}% 7
\BOOKMARK [3][-]{subsubsection.3.1.1}{Viktiga\040datamedlemmar}{subsection.3.1}% 8
\BOOKMARK [3][-]{subsubsection.3.1.2}{Konstruktor}{subsection.3.1}% 9
\BOOKMARK [3][-]{subsubsection.3.1.3}{update\(Time\)}{subsection.3.1}% 10
\BOOKMARK [3][-]{subsubsection.3.1.4}{move_player\(\)}{subsection.3.1}% 11
\BOOKMARK [3][-]{subsubsection.3.1.5}{handle_weapon\(\)}{subsection.3.1}% 12
\BOOKMARK [3][-]{subsubsection.3.1.6}{handle_collision\(World\)}{subsection.3.1}% 13
\BOOKMARK [3][-]{subsubsection.3.1.7}{handle_animation\(\)}{subsection.3.1}% 14
\BOOKMARK [2][-]{subsection.3.2}{World}{section.3}% 15
\BOOKMARK [3][-]{subsubsection.3.2.1}{Datamedlemmar}{subsection.3.2}% 16
\BOOKMARK [3][-]{subsubsection.3.2.2}{Konstruktor}{subsection.3.2}% 17
\BOOKMARK [3][-]{subsubsection.3.2.3}{tick\(Time\)}{subsection.3.2}% 18
\BOOKMARK [3][-]{subsubsection.3.2.4}{render\(RenderWindow\)}{subsection.3.2}% 19
\BOOKMARK [3][-]{subsubsection.3.2.5}{clear_level\(\)}{subsection.3.2}% 20
\BOOKMARK [3][-]{subsubsection.3.2.6}{add_front\(\),\040add_back\(\)\040och\040insert_at\(\)}{subsection.3.2}% 21
\BOOKMARK [3][-]{subsubsection.3.2.7}{collides\(\)\040och\040collides_with\(\)}{subsection.3.2}% 22
\BOOKMARK [1][-]{section.4}{Designens för- och nackdelar}{}% 23
\BOOKMARK [1][-]{section.5}{Externa\040filformat}{}% 24
\BOOKMARK [2][-]{subsection.5.1}{Bandesign}{section.5}% 25
\BOOKMARK [2][-]{subsection.5.2}{Uppgraderingar}{section.5}% 26
